<?xml version="1.0" encoding="UTF-8"?>
<!-- Generated by org.testng.reporters.JUnitXMLReporter -->
<testsuite ignored="1" hostname="ALIPLR2569" failures="0" tests="2" name="APITest" time="5.896" errors="0" timestamp="09 Nov 2020 10:30:04 GMT">
  <testcase classname="com.api.testCases.VerifyEmailTestCase" name="VerifyEmail" time="3.921"/>
  <testcase classname="com.api.testCases.VerifyUserMasterData" name="VerifyUserData" time="1.793"/>
  <testcase classname="com.base.BaseTest" name="@BeforeSuite BeforeSuite" time="0.0">
    <ignored/>
  </testcase> <!-- @BeforeSuite BeforeSuite -->
</testsuite> <!-- APITest -->
