<?xml version="1.0" encoding="UTF-8"?>
<testng-results ignored="0" total="3" passed="3" failed="0" skipped="0">
  <reporter-output>
  </reporter-output>
  <suite started-at="2020-11-12T13:15:27Z" name="tpUIAutomation" finished-at="2020-11-12T13:17:01Z" duration-ms="94422">
    <groups>
    </groups>
    <test started-at="2020-11-12T13:15:27Z" name="VerifyLogin" finished-at="2020-11-12T13:16:25Z" duration-ms="57923">
      <class name="com.functional.testCases.VerifyLogin">
        <test-method signature="VerifyLoginWithPositiveData()[pri:1, instance:com.functional.testCases.VerifyLogin@4d0d9fe7]" started-at="2020-11-12T13:15:27Z" name="VerifyLoginWithPositiveData" finished-at="2020-11-12T13:16:02Z" duration-ms="34530" status="PASS">
          <reporter-output>
          </reporter-output>
        </test-method> <!-- VerifyLoginWithPositiveData -->
        <test-method signature="VerifyLoginWithNegativeData()[pri:2, instance:com.functional.testCases.VerifyLogin@4d0d9fe7]" started-at="2020-11-12T13:16:02Z" name="VerifyLoginWithNegativeData" finished-at="2020-11-12T13:16:25Z" duration-ms="23327" status="PASS">
          <reporter-output>
          </reporter-output>
        </test-method> <!-- VerifyLoginWithNegativeData -->
      </class> <!-- com.functional.testCases.VerifyLogin -->
    </test> <!-- VerifyLogin -->
    <test started-at="2020-11-12T13:16:26Z" name="VerifyConcludeIdentityDataWithAPI" finished-at="2020-11-12T13:17:01Z" duration-ms="35511">
      <class name="com.functional.testCases.VerifyConcludeIdentityData">
        <test-method is-config="true" signature="BeforeSuite()[pri:0, instance:com.functional.testCases.VerifyConcludeIdentityData@65f8f5ae]" started-at="2020-11-12T13:15:26Z" name="BeforeSuite" finished-at="2020-11-12T13:15:27Z" duration-ms="1001" status="PASS">
          <reporter-output>
          </reporter-output>
        </test-method> <!-- BeforeSuite -->
        <test-method signature="VerifyConcludeRefAccountUsersDataWithAPI()[pri:1, instance:com.functional.testCases.VerifyConcludeIdentityData@65f8f5ae]" started-at="2020-11-12T13:16:26Z" name="VerifyConcludeRefAccountUsersDataWithAPI" finished-at="2020-11-12T13:17:01Z" duration-ms="35507" status="PASS">
          <reporter-output>
          </reporter-output>
        </test-method> <!-- VerifyConcludeRefAccountUsersDataWithAPI -->
      </class> <!-- com.functional.testCases.VerifyConcludeIdentityData -->
    </test> <!-- VerifyConcludeIdentityDataWithAPI -->
  </suite> <!-- tpUIAutomation -->
</testng-results>
