<?xml version="1.0" encoding="UTF-8"?>
<!-- Generated by org.testng.reporters.JUnitXMLReporter -->
<testsuite ignored="1" hostname="ALIPLR2569" failures="1" tests="4" name="UITest" time="109.321" errors="0" timestamp="09 Nov 2020 07:45:39 GMT">
  <testcase classname="com.functional.testCases.VerifyLogin" name="VerifyLoginWithPositiveData" time="17.148"/>
  <testcase classname="com.functional.testCases.VerifyIdentites" name="VerifyPageNavigation" time="50.699">
    <failure type="java.lang.NullPointerException" message="Cannot invoke &amp;quot;java.lang.CharSequence.toString()&amp;quot; because &amp;quot;s&amp;quot; is null">
      <![CDATA[java.lang.NullPointerException: Cannot invoke "java.lang.CharSequence.toString()" because "s" is null
at java.base/java.lang.String.contains(String.java:2051)
at com.webpages.tpLandingPage.verifyUserLoggedIn(tpLandingPage.java:61)
at com.functional.testCases.VerifyIdentites.VerifyPageNavigation(VerifyIdentites.java:33)
... Removed 25 stack frames]]>
    </failure>
  </testcase> <!-- VerifyPageNavigation -->
  <testcase classname="com.functional.testCases.VerifyLogin" name="VerifyLoginWithNegativeData" time="15.765"/>
  <testcase classname="com.functional.testCases.VerifyIdentites" name="LinkConcludeRefAccount" time="25.478"/>
  <testcase classname="com.base.BaseTest" name="@BeforeSuite BeforeSuite" time="0.0">
    <ignored/>
  </testcase> <!-- @BeforeSuite BeforeSuite -->
</testsuite> <!-- UITest -->
