<?xml version="1.0" encoding="UTF-8"?>
<!-- Generated by org.testng.reporters.JUnitXMLReporter -->
<testsuite ignored="0" hostname="ALIPLR2569" failures="0" tests="2" name="VerifyLogin" time="57.923" errors="0" timestamp="12 Nov 2020 13:16:25 GMT">
  <testcase classname="com.functional.testCases.VerifyLogin" name="VerifyLoginWithPositiveData" time="34.53"/>
  <testcase classname="com.functional.testCases.VerifyLogin" name="VerifyLoginWithNegativeData" time="23.327"/>
</testsuite> <!-- VerifyLogin -->
