<?xml version="1.0" encoding="UTF-8"?>
<!-- Generated by org.testng.reporters.JUnitXMLReporter -->
<testsuite ignored="0" hostname="ALIPLR2569" failures="0" tests="2" name="VerifyIdentitesPage" time="62.376" errors="0" timestamp="12 Nov 2020 11:10:48 GMT">
  <testcase classname="com.functional.testCases.VerifyIdentites" name="VerifyPageNavigation" time="26.14"/>
  <testcase classname="com.functional.testCases.VerifyIdentites" name="LinkConcludeRefAccount" time="36.228"/>
</testsuite> <!-- VerifyIdentitesPage -->
